INFO:werkzeug: * Running on http://127.0.0.1:5000 (Press CTRL+C to quit)
INFO:werkzeug: * Restarting with stat
WARNING:werkzeug: * Debugger is active!
INFO:werkzeug: * Debugger PIN: 516-654-509
INFO:werkzeug: * Detected change in '/Users/sz3yan/Documents/1. hah hah hah/2022/Tommy Destiny - NYPY2S1/Tommy-Destiny/__init__.py', reloading
INFO:werkzeug: * Restarting with stat
WARNING:werkzeug: * Debugger is active!
INFO:werkzeug: * Debugger PIN: 516-654-509
INFO:werkzeug: * Detected change in '/Users/sz3yan/Documents/1. hah hah hah/2022/Tommy Destiny - NYPY2S1/Tommy-Destiny/__init__.py', reloading
INFO:werkzeug: * Restarting with stat
WARNING:werkzeug: * Debugger is active!
INFO:werkzeug: * Debugger PIN: 516-654-509
INFO:werkzeug: * Running on http://127.0.0.1:5000 (Press CTRL+C to quit)
INFO:werkzeug: * Restarting with stat
WARNING:werkzeug: * Debugger is active!
INFO:werkzeug: * Debugger PIN: 516-654-509
INFO:werkzeug: * Detected change in '/Users/sz3yan/Documents/1. hah hah hah/2022/Tommy Destiny - NYPY2S1/Tommy-Destiny/__init__.py', reloading
INFO:werkzeug: * Restarting with stat
WARNING:werkzeug: * Debugger is active!
INFO:werkzeug: * Debugger PIN: 516-654-509
